  main.cpp
C:\Users\saxton\Desktop\splitv2\split_sdk\SDK\BasicHelper.h(358,29): warning C4018: '<': signed/unsigned mismatch
C:\Users\saxton\Desktop\splitv2\split_sdk\SDK\BasicHelper.h(386,27): warning C4244: 'initializing': conversion from 'uintptr_t' to 'int32_t', possible loss of data
C:\Users\saxton\Desktop\splitv2\split_sdk\SDK\BasicHelper.h(853,24): warning C4099: 'CG::FStructBaseChain': type name first seen using 'struct' now seen using 'class'
C:\Users\saxton\Desktop\splitv2\split_sdk\SDK\BasicHelper.h(851): message : see declaration of 'CG::FStructBaseChain'
C:\Users\saxton\Desktop\splitv2\structs.h(275,53): warning C4244: 'argument': conversion from 'int' to 'float', possible loss of data
C:\Users\saxton\Desktop\splitv2\structs.h(275,47): warning C4244: 'argument': conversion from 'int' to 'float', possible loss of data
C:\Users\saxton\Desktop\splitv2\structs.h(280,62): warning C4244: 'argument': conversion from 'int' to 'float', possible loss of data
C:\Users\saxton\Desktop\splitv2\structs.h(280,52): warning C4244: 'argument': conversion from 'int' to 'float', possible loss of data
C:\Users\saxton\Desktop\splitv2\structs.h(281,62): warning C4244: 'argument': conversion from 'int' to 'float', possible loss of data
C:\Users\saxton\Desktop\splitv2\structs.h(281,52): warning C4244: 'argument': conversion from 'int' to 'float', possible loss of data
C:\Users\saxton\Desktop\splitv2\structs.h(282,62): warning C4244: 'argument': conversion from 'int' to 'float', possible loss of data
C:\Users\saxton\Desktop\splitv2\structs.h(282,52): warning C4244: 'argument': conversion from 'int' to 'float', possible loss of data
C:\Users\saxton\Desktop\splitv2\structs.h(283,62): warning C4244: 'argument': conversion from 'int' to 'float', possible loss of data
C:\Users\saxton\Desktop\splitv2\structs.h(283,52): warning C4244: 'argument': conversion from 'int' to 'float', possible loss of data
C:\Users\saxton\Desktop\splitv2\structs.h(284,53): warning C4244: 'argument': conversion from 'int' to 'float', possible loss of data
C:\Users\saxton\Desktop\splitv2\structs.h(284,47): warning C4244: 'argument': conversion from 'int' to 'float', possible loss of data
C:\Users\saxton\Desktop\splitv2\structs.h(289,62): warning C4244: 'argument': conversion from 'int' to 'float', possible loss of data
C:\Users\saxton\Desktop\splitv2\structs.h(289,52): warning C4244: 'argument': conversion from 'int' to 'float', possible loss of data
C:\Users\saxton\Desktop\splitv2\structs.h(290,62): warning C4244: 'argument': conversion from 'int' to 'float', possible loss of data
C:\Users\saxton\Desktop\splitv2\structs.h(290,52): warning C4244: 'argument': conversion from 'int' to 'float', possible loss of data
C:\Users\saxton\Desktop\splitv2\structs.h(291,53): warning C4244: 'argument': conversion from 'int' to 'float', possible loss of data
C:\Users\saxton\Desktop\splitv2\structs.h(291,47): warning C4244: 'argument': conversion from 'int' to 'float', possible loss of data
C:\Users\saxton\Desktop\splitv2\structs.h(296,129): warning C4244: 'argument': conversion from 'int' to 'float', possible loss of data
C:\Users\saxton\Desktop\splitv2\structs.h(296,70): warning C4244: 'argument': conversion from 'int' to 'float', possible loss of data
C:\Users\saxton\Desktop\splitv2\structs.h(296,63): warning C4244: 'argument': conversion from 'int' to 'float', possible loss of data
C:\Users\saxton\Desktop\splitv2\structs.h(296,50): warning C4244: 'argument': conversion from 'int' to 'float', possible loss of data
C:\Users\saxton\Desktop\splitv2\structs.h(296,47): warning C4244: 'argument': conversion from 'int' to 'float', possible loss of data
C:\Users\saxton\Desktop\splitv2\structs.h(301,86): warning C4244: 'argument': conversion from 'int' to 'float', possible loss of data
C:\Users\saxton\Desktop\splitv2\structs.h(301,79): warning C4244: 'argument': conversion from 'int' to 'float', possible loss of data
C:\Users\saxton\Desktop\splitv2\structs.h(301,66): warning C4244: 'argument': conversion from 'int' to 'float', possible loss of data
C:\Users\saxton\Desktop\splitv2\structs.h(301,63): warning C4244: 'argument': conversion from 'int' to 'float', possible loss of data
C:\Users\saxton\Desktop\splitv2\structs.h(306,76): warning C4244: 'argument': conversion from 'int' to 'float', possible loss of data
C:\Users\saxton\Desktop\splitv2\structs.h(306,69): warning C4244: 'argument': conversion from 'int' to 'float', possible loss of data
C:\Users\saxton\Desktop\splitv2\structs.h(306,56): warning C4244: 'argument': conversion from 'int' to 'float', possible loss of data
C:\Users\saxton\Desktop\splitv2\structs.h(306,53): warning C4244: 'argument': conversion from 'int' to 'float', possible loss of data
C:\Users\saxton\Desktop\splitv2\structs.h(316,53): warning C4244: 'argument': conversion from 'int' to 'float', possible loss of data
C:\Users\saxton\Desktop\splitv2\structs.h(316,47): warning C4244: 'argument': conversion from 'int' to 'float', possible loss of data
C:\Users\saxton\Desktop\splitv2\structs.h(321,62): warning C4244: 'argument': conversion from 'int' to 'float', possible loss of data
C:\Users\saxton\Desktop\splitv2\structs.h(321,52): warning C4244: 'argument': conversion from 'int' to 'float', possible loss of data
C:\Users\saxton\Desktop\splitv2\structs.h(322,62): warning C4244: 'argument': conversion from 'int' to 'float', possible loss of data
C:\Users\saxton\Desktop\splitv2\structs.h(322,52): warning C4244: 'argument': conversion from 'int' to 'float', possible loss of data
C:\Users\saxton\Desktop\splitv2\structs.h(323,62): warning C4244: 'argument': conversion from 'int' to 'float', possible loss of data
C:\Users\saxton\Desktop\splitv2\structs.h(323,52): warning C4244: 'argument': conversion from 'int' to 'float', possible loss of data
C:\Users\saxton\Desktop\splitv2\structs.h(324,62): warning C4244: 'argument': conversion from 'int' to 'float', possible loss of data
C:\Users\saxton\Desktop\splitv2\structs.h(324,52): warning C4244: 'argument': conversion from 'int' to 'float', possible loss of data
C:\Users\saxton\Desktop\splitv2\structs.h(325,53): warning C4244: 'argument': conversion from 'int' to 'float', possible loss of data
C:\Users\saxton\Desktop\splitv2\structs.h(325,47): warning C4244: 'argument': conversion from 'int' to 'float', possible loss of data
C:\Users\saxton\Desktop\splitv2\structs.h(330,103): warning C4244: 'argument': conversion from 'int' to 'float', possible loss of data
C:\Users\saxton\Desktop\splitv2\structs.h(330,74): warning C4244: 'argument': conversion from 'int' to 'float', possible loss of data
C:\Users\saxton\Desktop\splitv2\structs.h(330,67): warning C4244: 'argument': conversion from 'int' to 'float', possible loss of data
C:\Users\saxton\Desktop\splitv2\structs.h(330,53): warning C4244: 'argument': conversion from 'int' to 'float', possible loss of data
C:\Users\saxton\Desktop\splitv2\structs.h(330,47): warning C4244: 'argument': conversion from 'int' to 'float', possible loss of data
C:\Users\saxton\Desktop\splitv2\structs.h(335,80): warning C4244: 'argument': conversion from 'int' to 'float', possible loss of data
C:\Users\saxton\Desktop\splitv2\structs.h(335,73): warning C4244: 'argument': conversion from 'int' to 'float', possible loss of data
C:\Users\saxton\Desktop\splitv2\structs.h(335,59): warning C4244: 'argument': conversion from 'int' to 'float', possible loss of data
C:\Users\saxton\Desktop\splitv2\structs.h(335,53): warning C4244: 'argument': conversion from 'int' to 'float', possible loss of data
C:\Users\saxton\Desktop\splitv2\structs.h(340,86): warning C4244: 'argument': conversion from 'int' to 'float', possible loss of data
C:\Users\saxton\Desktop\splitv2\structs.h(340,67): warning C4244: 'argument': conversion from 'int' to 'float', possible loss of data
C:\Users\saxton\Desktop\splitv2\structs.h(340,63): warning C4244: 'argument': conversion from 'int' to 'float', possible loss of data
C:\Users\saxton\Desktop\splitv2\structs.h(340,51): warning C4244: 'argument': conversion from 'int' to 'float', possible loss of data
C:\Users\saxton\Desktop\splitv2\structs.h(340,47): warning C4244: 'argument': conversion from 'int' to 'float', possible loss of data
C:\Users\saxton\Desktop\splitv2\structs.h(345,56): warning C4244: 'argument': conversion from 'int' to 'float', possible loss of data
C:\Users\saxton\Desktop\splitv2\structs.h(345,52): warning C4244: 'argument': conversion from 'int' to 'float', possible loss of data
C:\Users\saxton\Desktop\splitv2\structs.h(345,49): warning C4244: 'argument': conversion from 'int' to 'float', possible loss of data
C:\Users\saxton\Desktop\splitv2\structs.h(366,35): warning C4244: 'argument': conversion from 'float' to 'int', possible loss of data
C:\Users\saxton\Desktop\splitv2\structs.h(366,22): warning C4244: 'argument': conversion from 'float' to 'int', possible loss of data
C:\Users\saxton\Desktop\splitv2\structs.h(370,36): warning C4244: 'argument': conversion from 'float' to 'int', possible loss of data
C:\Users\saxton\Desktop\splitv2\structs.h(370,23): warning C4244: 'argument': conversion from 'float' to 'int', possible loss of data
C:\Users\saxton\Desktop\splitv2\structs.h(385,73): warning C4042: 'tab_name': has bad storage class
C:\Users\saxton\Desktop\splitv2\structs.h(401,38): warning C4244: 'argument': conversion from 'float' to 'int', possible loss of data
C:\Users\saxton\Desktop\splitv2\structs.h(401,26): warning C4244: 'argument': conversion from 'float' to 'int', possible loss of data
C:\Users\saxton\Desktop\splitv2\structs.h(402,44): warning C4244: 'argument': conversion from 'float' to 'int', possible loss of data
C:\Users\saxton\Desktop\splitv2\structs.h(402,32): warning C4244: 'argument': conversion from 'float' to 'int', possible loss of data
C:\Users\saxton\Desktop\splitv2\structs.h(403,43): warning C4244: 'argument': conversion from 'float' to 'int', possible loss of data
C:\Users\saxton\Desktop\splitv2\structs.h(403,32): warning C4244: 'argument': conversion from 'float' to 'int', possible loss of data
C:\Users\saxton\Desktop\splitv2\structs.h(407,45): warning C4244: 'argument': conversion from 'float' to 'int', possible loss of data
C:\Users\saxton\Desktop\splitv2\structs.h(407,33): warning C4244: 'argument': conversion from 'float' to 'int', possible loss of data
C:\Users\saxton\Desktop\splitv2\structs.h(411,50): warning C4244: 'argument': conversion from 'float' to 'int', possible loss of data
C:\Users\saxton\Desktop\splitv2\structs.h(411,38): warning C4244: 'argument': conversion from 'float' to 'int', possible loss of data
C:\Users\saxton\Desktop\splitv2\structs.h(421,39): warning C4244: 'argument': conversion from 'float' to 'int', possible loss of data
C:\Users\saxton\Desktop\splitv2\structs.h(421,28): warning C4244: 'argument': conversion from 'float' to 'int', possible loss of data
C:\Users\saxton\Desktop\splitv2\structs.h(422,33): warning C4244: 'argument': conversion from 'float' to 'int', possible loss of data
C:\Users\saxton\Desktop\splitv2\structs.h(422,22): warning C4244: 'argument': conversion from 'float' to 'int', possible loss of data
C:\Users\saxton\Desktop\splitv2\structs.h(423,48): warning C4244: 'argument': conversion from 'float' to 'int', possible loss of data
C:\Users\saxton\Desktop\splitv2\structs.h(423,32): warning C4244: 'argument': conversion from 'float' to 'int', possible loss of data
C:\Users\saxton\Desktop\splitv2\structs.h(440,43): warning C4244: 'argument': conversion from 'float' to 'int', possible loss of data
C:\Users\saxton\Desktop\splitv2\structs.h(440,30): warning C4244: 'argument': conversion from 'float' to 'int', possible loss of data
C:\Users\saxton\Desktop\splitv2\structs.h(441,37): warning C4244: 'argument': conversion from 'float' to 'int', possible loss of data
C:\Users\saxton\Desktop\splitv2\structs.h(441,24): warning C4244: 'argument': conversion from 'float' to 'int', possible loss of data
C:\Users\saxton\Desktop\splitv2\structs.h(442,38): warning C4244: 'argument': conversion from 'float' to 'int', possible loss of data
C:\Users\saxton\Desktop\splitv2\structs.h(442,24): warning C4244: 'argument': conversion from 'float' to 'int', possible loss of data
C:\Users\saxton\Desktop\splitv2\structs.h(446,44): warning C4244: 'argument': conversion from 'float' to 'int', possible loss of data
C:\Users\saxton\Desktop\splitv2\structs.h(446,31): warning C4244: 'argument': conversion from 'float' to 'int', possible loss of data
C:\Users\saxton\Desktop\splitv2\structs.h(447,38): warning C4244: 'argument': conversion from 'float' to 'int', possible loss of data
C:\Users\saxton\Desktop\splitv2\structs.h(447,25): warning C4244: 'argument': conversion from 'float' to 'int', possible loss of data
C:\Users\saxton\Desktop\splitv2\structs.h(457,39): warning C4244: 'argument': conversion from 'float' to 'int', possible loss of data
C:\Users\saxton\Desktop\splitv2\structs.h(457,28): warning C4244: 'argument': conversion from 'float' to 'int', possible loss of data
C:\Users\saxton\Desktop\splitv2\structs.h(458,33): warning C4244: 'argument': conversion from 'float' to 'int', possible loss of data
C:\Users\saxton\Desktop\splitv2\structs.h(458,22): warning C4244: 'argument': conversion from 'float' to 'int', possible loss of data
C:\Users\saxton\Desktop\splitv2\structs.h(459,42): warning C4244: 'argument': conversion from 'float' to 'int', possible loss of data
C:\Users\saxton\Desktop\splitv2\structs.h(459,26): warning C4244: 'argument': conversion from 'float' to 'int', possible loss of data
C:\Users\saxton\Desktop\splitv2\structs.h(465,39): warning C4244: 'argument': conversion from 'int' to 'float', possible loss of data
C:\Users\saxton\Desktop\splitv2\structs.h(465,31): warning C4244: 'argument': conversion from 'int' to 'float', possible loss of data
C:\Users\saxton\Desktop\splitv2\structs.h(471,36): warning C4244: 'argument': conversion from 'float' to 'int', possible loss of data
C:\Users\saxton\Desktop\splitv2\structs.h(471,27): warning C4244: 'argument': conversion from 'float' to 'int', possible loss of data
C:\Users\saxton\Desktop\splitv2\structs.h(473,36): warning C4244: 'argument': conversion from 'float' to 'int', possible loss of data
C:\Users\saxton\Desktop\splitv2\structs.h(473,27): warning C4244: 'argument': conversion from 'float' to 'int', possible loss of data
C:\Users\saxton\Desktop\splitv2\structs.h(475,29): warning C4244: 'argument': conversion from 'float' to 'int', possible loss of data
C:\Users\saxton\Desktop\splitv2\structs.h(475,20): warning C4244: 'argument': conversion from 'float' to 'int', possible loss of data
C:\Users\saxton\Desktop\splitv2\structs.h(476,29): warning C4244: 'argument': conversion from 'float' to 'int', possible loss of data
C:\Users\saxton\Desktop\splitv2\structs.h(476,20): warning C4244: 'argument': conversion from 'float' to 'int', possible loss of data
C:\Users\saxton\Desktop\splitv2\structs.h(504,32): warning C4244: 'argument': conversion from 'float' to 'int', possible loss of data
C:\Users\saxton\Desktop\splitv2\structs.h(504,28): warning C4244: 'argument': conversion from 'float' to 'int', possible loss of data
C:\Users\saxton\Desktop\splitv2\structs.h(504,23): warning C4244: 'argument': conversion from 'float' to 'int', possible loss of data
C:\Users\saxton\Desktop\splitv2\structs.h(505,34): warning C4244: 'argument': conversion from 'float' to 'int', possible loss of data
C:\Users\saxton\Desktop\splitv2\structs.h(505,26): warning C4244: 'argument': conversion from 'float' to 'int', possible loss of data
C:\Users\saxton\Desktop\splitv2\structs.h(505,22): warning C4244: 'argument': conversion from 'float' to 'int', possible loss of data
C:\Users\saxton\Desktop\splitv2\structs.h(505,17): warning C4244: 'argument': conversion from 'float' to 'int', possible loss of data
C:\Users\saxton\Desktop\splitv2\structs.h(506,66): warning C4244: 'argument': conversion from 'float' to 'int', possible loss of data
C:\Users\saxton\Desktop\splitv2\structs.h(506,35): warning C4244: 'argument': conversion from 'float' to 'int', possible loss of data
C:\Users\saxton\Desktop\splitv2\structs.h(896,28): warning C4305: 'initializing': truncation from 'double' to 'float'
C:\Users\saxton\Desktop\splitv2\structs.h(973,9): warning C4477: 'printf' : format string '%x' requires an argument of type 'unsigned int', but variadic argument 1 has type 'uintptr_t'
C:\Users\saxton\Desktop\splitv2\structs.h(973,9): message : consider using '%llx' in the format string
C:\Users\saxton\Desktop\splitv2\structs.h(973,9): message : consider using '%Ix' in the format string
C:\Users\saxton\Desktop\splitv2\structs.h(973,9): message : consider using '%I64x' in the format string
C:\Users\saxton\Desktop\splitv2\structs.h(974,9): warning C4477: 'printf' : format string '%x' requires an argument of type 'unsigned int', but variadic argument 1 has type 'uintptr_t'
C:\Users\saxton\Desktop\splitv2\structs.h(974,9): message : consider using '%llx' in the format string
C:\Users\saxton\Desktop\splitv2\structs.h(974,9): message : consider using '%Ix' in the format string
C:\Users\saxton\Desktop\splitv2\structs.h(974,9): message : consider using '%I64x' in the format string
C:\Users\saxton\Desktop\splitv2\structs.h(975,9): warning C4477: 'printf' : format string '%x' requires an argument of type 'unsigned int', but variadic argument 1 has type 'uintptr_t'
C:\Users\saxton\Desktop\splitv2\structs.h(975,9): message : consider using '%llx' in the format string
C:\Users\saxton\Desktop\splitv2\structs.h(975,9): message : consider using '%Ix' in the format string
C:\Users\saxton\Desktop\splitv2\structs.h(975,9): message : consider using '%I64x' in the format string
  Generating code
  14 of 920 functions ( 1.5%) were compiled, the rest were copied from previous compilation.
    0 functions were new in current compilation
    16 functions had inline decision re-evaluated but remain unchanged
  Finished generating code
  FloydWare.vcxproj -> C:\Users\saxton\Desktop\splitv2\x64\Release\unreal.dll
